{"/home/tomiwatech/Desktop/projects/Andela/bootCamp/Maintenance-Tracker/server/api.js": {"path":"/home/tomiwatech/Desktop/projects/Andela/bootCamp/Maintenance-Tracker/server/api.js","statementMap":{"0":{"start":{"line":1,"column":0},"end":{"line":null,"column":-1}},"1":{"start":{"line":2,"column":0},"end":{"line":null,"column":-1}},"2":{"start":{"line":4,"column":12},"end":{"line":4,"column":0}},"3":{"start":{"line":6,"column":0},"end":{"line":null,"column":-1}},"4":{"start":{"line":6,"column":13},"end":{"line":null,"column":-1}},"5":{"start":{"line":7,"column":0},"end":{"line":null,"column":-1}},"6":{"start":{"line":11,"column":0},"end":{"line":null,"column":-1}},"7":{"start":{"line":11,"column":8},"end":{"line":null,"column":-1}}},"fnMap":{"0":{"name":"(anonymous_1)","decl":{"start":{"line":6,"column":13},"end":{"line":6,"column":13}},"loc":{"start":{"line":6,"column":13},"end":{"line":6,"column":0}}},"1":{"name":"(anonymous_2)","decl":{"start":{"line":11,"column":8},"end":{"line":11,"column":8}},"loc":{"start":{"line":11,"column":8},"end":{"line":11,"column":0}}}},"branchMap":{},"s":{"0":1,"1":1,"2":1,"3":1,"4":0,"5":1,"6":1,"7":0},"f":{"0":0,"1":0},"b":{}}
,"/home/tomiwatech/Desktop/projects/Andela/bootCamp/Maintenance-Tracker/server/index.js": {"path":"/home/tomiwatech/Desktop/projects/Andela/bootCamp/Maintenance-Tracker/server/index.js","statementMap":{"0":{"start":{"line":1,"column":0},"end":{"line":null,"column":-1}},"1":{"start":{"line":2,"column":0},"end":{"line":null,"column":-1}},"2":{"start":{"line":3,"column":0},"end":{"line":null,"column":-1}},"3":{"start":{"line":4,"column":0},"end":{"line":null,"column":-1}},"4":{"start":{"line":7,"column":12},"end":{"line":7,"column":0}},"5":{"start":{"line":8,"column":0},"end":{"line":null,"column":-1}},"6":{"start":{"line":9,"column":0},"end":{"line":null,"column":-1}},"7":{"start":{"line":10,"column":0},"end":{"line":null,"column":-1}},"8":{"start":{"line":13,"column":0},"end":{"line":null,"column":-1}},"9":{"start":{"line":14,"column":0},"end":{"line":null,"column":-1}},"10":{"start":{"line":14,"column":14},"end":{"line":null,"column":-1}},"11":{"start":{"line":15,"column":0},"end":{"line":null,"column":-1}},"12":{"start":{"line":16,"column":2},"end":{"line":21,"column":3}},"13":{"start":{"line":18,"column":4},"end":{"line":null,"column":-1}},"14":{"start":{"line":20,"column":4},"end":{"line":null,"column":-1}}},"fnMap":{"0":{"name":"(anonymous_1)","decl":{"start":{"line":14,"column":14},"end":{"line":14,"column":14}},"loc":{"start":{"line":14,"column":14},"end":{"line":14,"column":0}}},"1":{"name":"(anonymous_2)","decl":{"start":{"line":15,"column":17},"end":{"line":15,"column":22}},"loc":{"start":{"line":15,"column":23},"end":{"line":15,"column":0}}}},"branchMap":{"0":{"loc":{"start":{"line":16,"column":2},"end":{"line":21,"column":3}},"type":"if","locations":[{"start":{"line":16,"column":2},"end":{"line":21,"column":3}},{"start":{"line":16,"column":2},"end":{"line":21,"column":3}}]}},"s":{"0":1,"1":1,"2":1,"3":1,"4":1,"5":1,"6":1,"7":1,"8":1,"9":1,"10":0,"11":1,"12":1,"13":0,"14":1},"f":{"0":0,"1":1},"b":{"0":[0,1]}}
,"/home/tomiwatech/Desktop/projects/Andela/bootCamp/Maintenance-Tracker/server/controllers/userController.js": {"path":"/home/tomiwatech/Desktop/projects/Andela/bootCamp/Maintenance-Tracker/server/controllers/userController.js","statementMap":{"0":{"start":{"line":1,"column":0},"end":{"line":null,"column":-1}},"1":{"start":{"line":2,"column":0},"end":{"line":null,"column":-1}},"2":{"start":{"line":6,"column":19},"end":{"line":5,"column":26}},"3":{"start":{"line":7,"column":21},"end":{"line":7,"column":4}},"4":{"start":{"line":8,"column":4},"end":{"line":13,"column":5}},"5":{"start":{"line":9,"column":6},"end":{"line":null,"column":-1}},"6":{"start":{"line":14,"column":4},"end":{"line":null,"column":-1}},"7":{"start":{"line":15,"column":4},"end":{"line":null,"column":-1}},"8":{"start":{"line":22,"column":19},"end":{"line":21,"column":29}},"9":{"start":{"line":23,"column":21},"end":{"line":23,"column":4}},"10":{"start":{"line":24,"column":4},"end":{"line":31,"column":5}},"11":{"start":{"line":25,"column":6},"end":{"line":null,"column":-1}},"12":{"start":{"line":26,"column":6},"end":{"line":null,"column":-1}},"13":{"start":{"line":32,"column":4},"end":{"line":null,"column":-1}},"14":{"start":{"line":39,"column":19},"end":{"line":38,"column":28}},"15":{"start":{"line":40,"column":21},"end":{"line":40,"column":4}},"16":{"start":{"line":41,"column":4},"end":{"line":47,"column":5}},"17":{"start":{"line":42,"column":6},"end":{"line":null,"column":-1}},"18":{"start":{"line":49,"column":4},"end":{"line":null,"column":-1}},"19":{"start":{"line":56,"column":4},"end":{"line":null,"column":-1}},"20":{"start":{"line":64,"column":4},"end":{"line":null,"column":-1}},"21":{"start":{"line":65,"column":4},"end":{"line":null,"column":-1}},"22":{"start":{"line":75,"column":8},"end":{"line":72,"column":29}},"23":{"start":{"line":72,"column":29},"end":{"line":72,"column":28}},"24":{"start":{"line":76,"column":21},"end":{"line":76,"column":4}},"25":{"start":{"line":77,"column":4},"end":{"line":88,"column":5}},"26":{"start":{"line":78,"column":6},"end":{"line":null,"column":-1}},"27":{"start":{"line":79,"column":6},"end":{"line":null,"column":-1}},"28":{"start":{"line":80,"column":6},"end":{"line":null,"column":-1}},"29":{"start":{"line":81,"column":6},"end":{"line":null,"column":-1}},"30":{"start":{"line":82,"column":6},"end":{"line":null,"column":-1}},"31":{"start":{"line":83,"column":6},"end":{"line":null,"column":-1}},"32":{"start":{"line":89,"column":4},"end":{"line":null,"column":-1}}},"fnMap":{},"branchMap":{"0":{"loc":{"start":{"line":8,"column":4},"end":{"line":13,"column":5}},"type":"if","locations":[{"start":{"line":8,"column":4},"end":{"line":13,"column":5}},{"start":{"line":8,"column":4},"end":{"line":13,"column":5}}]},"1":{"loc":{"start":{"line":24,"column":4},"end":{"line":31,"column":5}},"type":"if","locations":[{"start":{"line":24,"column":4},"end":{"line":31,"column":5}},{"start":{"line":24,"column":4},"end":{"line":31,"column":5}}]},"2":{"loc":{"start":{"line":41,"column":4},"end":{"line":47,"column":5}},"type":"if","locations":[{"start":{"line":41,"column":4},"end":{"line":47,"column":5}},{"start":{"line":41,"column":4},"end":{"line":47,"column":5}}]},"3":{"loc":{"start":{"line":77,"column":4},"end":{"line":88,"column":5}},"type":"if","locations":[{"start":{"line":77,"column":4},"end":{"line":88,"column":5}},{"start":{"line":77,"column":4},"end":{"line":88,"column":5}}]}},"s":{"0":1,"1":1,"2":2,"3":2,"4":2,"5":1,"6":1,"7":1,"8":2,"9":2,"10":2,"11":1,"12":1,"13":1,"14":2,"15":2,"16":2,"17":1,"18":1,"19":1,"20":0,"21":0,"22":2,"23":10,"24":2,"25":2,"26":1,"27":1,"28":1,"29":1,"30":1,"31":1,"32":1},"f":{},"b":{"0":[1,1],"1":[1,1],"2":[1,1],"3":[1,1]}}
,"/home/tomiwatech/Desktop/projects/Andela/bootCamp/Maintenance-Tracker/server/dummy/dummy.js": {"path":"/home/tomiwatech/Desktop/projects/Andela/bootCamp/Maintenance-Tracker/server/dummy/dummy.js","statementMap":{"0":{"start":{"line":1,"column":18},"end":{"line":1,"column":0}}},"fnMap":{},"branchMap":{},"s":{"0":1},"f":{},"b":{}}
,"/home/tomiwatech/Desktop/projects/Andela/bootCamp/Maintenance-Tracker/server/helpers/users/user.js": {"path":"/home/tomiwatech/Desktop/projects/Andela/bootCamp/Maintenance-Tracker/server/helpers/users/user.js","statementMap":{"0":{"start":{"line":3,"column":4},"end":{"line":7,"column":5}},"1":{"start":{"line":4,"column":6},"end":{"line":6,"column":7}},"2":{"start":{"line":5,"column":8},"end":{"line":null,"column":-1}},"3":{"start":{"line":8,"column":4},"end":{"line":null,"column":-1}}},"fnMap":{},"branchMap":{"0":{"loc":{"start":{"line":4,"column":6},"end":{"line":6,"column":7}},"type":"if","locations":[{"start":{"line":4,"column":6},"end":{"line":6,"column":7}},{"start":{"line":4,"column":6},"end":{"line":6,"column":7}}]}},"s":{"0":10,"1":21,"2":5,"3":5},"f":{},"b":{"0":[5,16]}}
,"/home/tomiwatech/Desktop/projects/Andela/bootCamp/Maintenance-Tracker/server/routes/user.js": {"path":"/home/tomiwatech/Desktop/projects/Andela/bootCamp/Maintenance-Tracker/server/routes/user.js","statementMap":{"0":{"start":{"line":1,"column":0},"end":{"line":null,"column":-1}},"1":{"start":{"line":2,"column":0},"end":{"line":null,"column":-1}},"2":{"start":{"line":3,"column":0},"end":{"line":null,"column":-1}},"3":{"start":{"line":5,"column":15},"end":{"line":5,"column":0}},"4":{"start":{"line":7,"column":0},"end":{"line":null,"column":-1}},"5":{"start":{"line":8,"column":0},"end":{"line":null,"column":-1}},"6":{"start":{"line":9,"column":0},"end":{"line":null,"column":-1}},"7":{"start":{"line":10,"column":0},"end":{"line":null,"column":-1}},"8":{"start":{"line":11,"column":0},"end":{"line":null,"column":-1}},"9":{"start":{"line":12,"column":0},"end":{"line":null,"column":-1}}},"fnMap":{},"branchMap":{},"s":{"0":1,"1":1,"2":1,"3":1,"4":1,"5":1,"6":1,"7":1,"8":1,"9":1},"f":{},"b":{}}
}
