{"/home/tomiwatech/Desktop/projects/Andela/bootCamp/Maintenance-Tracker/server/api.js": {"path":"/home/tomiwatech/Desktop/projects/Andela/bootCamp/Maintenance-Tracker/server/api.js","statementMap":{"0":{"start":{"line":1,"column":0},"end":{"line":null,"column":-1}},"1":{"start":{"line":2,"column":0},"end":{"line":null,"column":-1}},"2":{"start":{"line":4,"column":12},"end":{"line":4,"column":0}},"3":{"start":{"line":6,"column":0},"end":{"line":null,"column":-1}},"4":{"start":{"line":6,"column":13},"end":{"line":null,"column":-1}},"5":{"start":{"line":7,"column":0},"end":{"line":null,"column":-1}},"6":{"start":{"line":11,"column":0},"end":{"line":null,"column":-1}},"7":{"start":{"line":11,"column":8},"end":{"line":null,"column":-1}}},"fnMap":{"0":{"name":"(anonymous_1)","decl":{"start":{"line":6,"column":13},"end":{"line":6,"column":13}},"loc":{"start":{"line":6,"column":13},"end":{"line":6,"column":0}}},"1":{"name":"(anonymous_2)","decl":{"start":{"line":11,"column":8},"end":{"line":11,"column":8}},"loc":{"start":{"line":11,"column":8},"end":{"line":11,"column":0}}}},"branchMap":{},"s":{"0":1,"1":1,"2":1,"3":1,"4":0,"5":1,"6":1,"7":0},"f":{"0":0,"1":0},"b":{}}
,"/home/tomiwatech/Desktop/projects/Andela/bootCamp/Maintenance-Tracker/server/dummy/dummy.js": {"path":"/home/tomiwatech/Desktop/projects/Andela/bootCamp/Maintenance-Tracker/server/dummy/dummy.js","statementMap":{"0":{"start":{"line":1,"column":18},"end":{"line":1,"column":0}}},"fnMap":{},"branchMap":{},"s":{"0":1},"f":{},"b":{}}
,"/home/tomiwatech/Desktop/projects/Andela/bootCamp/Maintenance-Tracker/server/routes/user.js": {"path":"/home/tomiwatech/Desktop/projects/Andela/bootCamp/Maintenance-Tracker/server/routes/user.js","statementMap":{"0":{"start":{"line":1,"column":0},"end":{"line":null,"column":-1}},"1":{"start":{"line":2,"column":0},"end":{"line":null,"column":-1}},"2":{"start":{"line":3,"column":0},"end":{"line":null,"column":-1}},"3":{"start":{"line":5,"column":15},"end":{"line":5,"column":0}},"4":{"start":{"line":7,"column":0},"end":{"line":null,"column":-1}},"5":{"start":{"line":8,"column":0},"end":{"line":null,"column":-1}},"6":{"start":{"line":9,"column":0},"end":{"line":null,"column":-1}},"7":{"start":{"line":10,"column":0},"end":{"line":null,"column":-1}},"8":{"start":{"line":11,"column":0},"end":{"line":null,"column":-1}},"9":{"start":{"line":12,"column":0},"end":{"line":null,"column":-1}}},"fnMap":{},"branchMap":{},"s":{"0":1,"1":1,"2":1,"3":1,"4":1,"5":1,"6":1,"7":1,"8":1,"9":1},"f":{},"b":{}}
}
