TN:
SF:/home/tomiwatech/Desktop/projects/Andela/bootCamp/Maintenance-Tracker/server/api.js
FN:6,(anonymous_1)
FN:11,(anonymous_2)
FNF:2
FNH:0
FNDA:0,(anonymous_1)
FNDA:0,(anonymous_2)
DA:1,1
DA:2,1
DA:4,1
DA:6,1
DA:7,1
DA:11,1
LF:6
LH:6
BRF:0
BRH:0
end_of_record
TN:
SF:/home/tomiwatech/Desktop/projects/Andela/bootCamp/Maintenance-Tracker/server/index.js
FN:14,(anonymous_1)
FN:15,(anonymous_2)
FNF:2
FNH:1
FNDA:0,(anonymous_1)
FNDA:1,(anonymous_2)
DA:1,1
DA:2,1
DA:3,1
DA:4,1
DA:7,1
DA:8,1
DA:9,1
DA:10,1
DA:13,1
DA:14,1
DA:15,1
DA:16,1
DA:18,0
DA:20,1
LF:14
LH:13
BRDA:16,0,0,0
BRDA:16,0,1,1
BRF:2
BRH:1
end_of_record
TN:
SF:/home/tomiwatech/Desktop/projects/Andela/bootCamp/Maintenance-Tracker/server/controllers/userController.js
FNF:0
FNH:0
DA:1,1
DA:2,1
DA:6,2
DA:7,2
DA:8,2
DA:9,1
DA:14,1
DA:15,1
DA:22,2
DA:23,2
DA:24,2
DA:25,1
DA:26,1
DA:32,1
DA:39,2
DA:40,2
DA:41,2
DA:42,1
DA:49,1
DA:56,1
DA:64,0
DA:65,0
DA:72,10
DA:75,2
DA:76,2
DA:77,2
DA:78,1
DA:79,1
DA:80,1
DA:81,1
DA:82,1
DA:83,1
DA:89,1
LF:33
LH:31
BRDA:8,0,0,1
BRDA:8,0,1,1
BRDA:24,1,0,1
BRDA:24,1,1,1
BRDA:41,2,0,1
BRDA:41,2,1,1
BRDA:77,3,0,1
BRDA:77,3,1,1
BRF:8
BRH:8
end_of_record
TN:
SF:/home/tomiwatech/Desktop/projects/Andela/bootCamp/Maintenance-Tracker/server/dummy/dummy.js
FNF:0
FNH:0
DA:1,1
LF:1
LH:1
BRF:0
BRH:0
end_of_record
TN:
SF:/home/tomiwatech/Desktop/projects/Andela/bootCamp/Maintenance-Tracker/server/helpers/users/user.js
FNF:0
FNH:0
DA:3,10
DA:4,21
DA:5,5
DA:8,5
LF:4
LH:4
BRDA:4,0,0,5
BRDA:4,0,1,16
BRF:2
BRH:2
end_of_record
TN:
SF:/home/tomiwatech/Desktop/projects/Andela/bootCamp/Maintenance-Tracker/server/routes/user.js
FNF:0
FNH:0
DA:1,1
DA:2,1
DA:3,1
DA:5,1
DA:7,1
DA:8,1
DA:9,1
DA:10,1
DA:11,1
DA:12,1
LF:10
LH:10
BRF:0
BRH:0
end_of_record
